2025-10-04 03:21:48,463 | INFO | root | Line: 26 | Message: Data ingestion Configration Completed
2025-10-04 03:21:52,696 | INFO | root | Line: 38 | Message: Data reading from mongo db. Done.
2025-10-04 03:22:00,668 | INFO | root | Line: 56 | Message: raw data file saved.
2025-10-04 03:22:00,668 | INFO | root | Line: 63 | Message: Train Test Split Begin.
2025-10-04 03:22:00,703 | INFO | root | Line: 71 | Message: Train Set Saved.
2025-10-04 03:22:00,713 | INFO | root | Line: 74 | Message: Test Set Saved.
2025-10-04 03:22:00,713 | INFO | root | Line: 30 | Message: Data ingestion Completed
2025-10-04 03:22:00,713 | INFO | root | Line: 32 | Message: DataValidation Started.
2025-10-04 03:22:00,735 | INFO | root | Line: 32 | Message: Required Number Of Columns: 31 | The Input Dataframe has 31 columns
2025-10-04 03:22:00,738 | INFO | root | Line: 32 | Message: Required Number Of Columns: 31 | The Input Dataframe has 31 columns
2025-10-04 03:22:00,739 | INFO | root | Line: 50 | Message: Required Number Of Numberical Columns: 31 | The Input Dataframe has 31 columns
2025-10-04 03:22:00,740 | INFO | root | Line: 50 | Message: Required Number Of Numberical Columns: 31 | The Input Dataframe has 31 columns
2025-10-04 03:22:00,845 | INFO | root | Line: 39 | Message: Data Validation Completed
2025-10-04 03:22:00,845 | INFO | root | Line: 41 | Message: Data Transformation Started
2025-10-04 03:22:00,845 | INFO | root | Line: 52 | Message: Entered into data transformation
2025-10-04 03:22:00,845 | INFO | root | Line: 55 | Message: starting data transformation
2025-10-04 03:22:00,865 | INFO | root | Line: 39 | Message: Enter get_data_transformer_object method of transformation class
2025-10-04 03:22:00,901 | INFO | root | Line: 50 | Message: Data Transformation completed
2025-10-04 03:22:00,901 | INFO | root | Line: 53 | Message: ModelTraining Started
2025-10-04 03:22:01,131 | INFO | root | Line: 96 | Message: logistic_regression Done!
2025-10-04 03:22:02,971 | INFO | root | Line: 96 | Message: gradient_boosting Done!
2025-10-04 03:22:04,900 | INFO | root | Line: 96 | Message: ada_boost Done!
2025-10-04 03:22:04,980 | INFO | root | Line: 96 | Message: decision_tree Done!
2025-10-04 03:22:19,442 | INFO | root | Line: 96 | Message: svc Done!
2025-10-04 03:22:30,286 | INFO | root | Line: 96 | Message: knn Done!
2025-10-04 03:22:30,302 | INFO | root | Line: 96 | Message: naive_bayes Done!
2025-10-04 03:22:36,440 | INFO | root | Line: 59 | Message: Model Training Compeleted, Best Model Saved!
